<?xml version="1.0" encoding="UTF-8"?>
<testsuite xmlns:xsi="http://www.w3.org/2001/XMLSchema-instance" xsi:noNamespaceSchemaLocation="https://maven.apache.org/surefire/maven-surefire-plugin/xsd/surefire-test-report-3.0.xsd" version="3.0" name="com.lsi.persistence.DocumentRepositoryTest" time="0.12" tests="4" errors="0" skipped="0" failures="0">
  <properties>
[...]
</properties>
  <testcase name="shouldSaveAndFindDocumentById" classname="com.lsi.persistence.DocumentRepositoryTest" time="0.08"/>
  <testcase name="shouldListAllDocuments" classname="com.lsi.persistence.DocumentRepositoryTest" time="0.012"/>
  <testcase name="shouldReturnEmptyWhenDocumentDoesNotExist" classname="com.lsi.persistence.DocumentRepositoryTest" time="0.011"/>
  <testcase name="shouldFindDocumentByCode" classname="com.lsi.persistence.DocumentRepositoryTest" time="0.007"/>
</testsuite>